2022-03-27 13:59:47,329 No customers were available.  Does data exist?
2022-03-27 14:01:10,885 No customers were available.  Does data exist?
2022-03-27 14:03:21,681 Account id 3 is associated with customer id 105 which is not a valid customer id.
2022-03-27 18:07:56,466 No datafile for accounts
2022-03-27 18:07:56,468 No datafile for services
2022-03-27 18:09:27,384 No datafile for accounts
2022-03-27 18:09:27,385 No datafile for services
2022-03-27 18:12:49,658 No datafile for accounts
2022-03-27 18:12:49,659 No datafile for services
2022-03-27 18:13:18,572 No datafile for customers
2022-03-27 18:13:18,573 No datafile for accounts
2022-03-27 18:13:18,573 No datafile for services
2022-03-27 18:21:22,536 No datafile for accounts
2022-03-27 18:22:35,016 No datafile for accounts
2022-03-27 18:30:57,920 No datafile for services
2022-03-27 18:31:00,889 No datafile for services
2022-03-27 18:36:54,702 No datafile for services
2022-03-27 18:38:24,326 No datafile for services
2022-03-27 18:52:11,444 

YOUR APPLICATION FOR THE FOLLOWING IS PROCESSING.  WE WILL INFORM YOU OF OUR CREDIT DECISION.

 

**********

LOAN ID:  1
Customer:  Michelle Rogers
Purpose:  buy car
Original Loan Amount:  $25000.00
Balance:  $25000.00 is approved?True
2022-03-27 18:52:12,453 

YOUR APPLICATION FOR THE FOLLOWING IS PROCESSING.  WE WILL INFORM YOU OF OUR CREDIT DECISION.

 

**********

CREDIT CARD ID:  3
Customer:  Michelle Rogers
Credit Limit:  $500.00
Balance:  $0.00 is approved?True
2022-03-27 18:52:53,477 1 is approved?True
2022-03-27 18:55:26,026 Going here and the service for 1 is approved?False
2022-03-27 18:55:29,443 1 is approved?True
2022-03-27 18:55:29,444 Going here and the service for 1 is approved?False
2022-03-27 18:55:32,927 3 is approved?True
2022-03-27 18:55:46,708 Going here and the service for 1 is approved?False
2022-03-27 18:55:46,708 Going here and the service for 1 is approved?False
2022-03-27 18:55:46,708 Going here and the service for 1 is approved?False
2022-03-27 19:02:56,219 Going here and the service for 1 is approved?False
2022-03-27 19:03:27,822 Going here and the service for 2 is approved?False
2022-03-27 19:03:33,686 Going here and the service for 2 is approved?False
2022-03-27 19:03:35,489 4 is approved?True
2022-03-27 19:03:40,301 Going here and the service for 2 is approved?False
2022-03-27 19:04:59,375 Going here and the service for 3 is approved?False
2022-03-27 19:05:04,624 Going here and the service for 3 is approved?False
2022-03-27 19:05:06,568 5 is approved?True
2022-03-27 19:17:40,656 Going here and the service for 1 is approved?False
2022-03-27 19:17:43,909 Going here and the service for 1 is approved?False
2022-03-27 19:17:43,909 Going here and the service for 1 is approved?False
2022-03-27 19:18:10,347 Going here and the service for 1 is approved?False
